2023-12-21 16:30:30,009 INFO    StreamThr :30424 [internal.py:wandb_internal():86] W&B internal server running at pid: 30424, started at: 2023-12-21 16:30:30.008158
2023-12-21 16:30:30,012 DEBUG   HandlerThread:30424 [handler.py:handle_request():146] handle_request: status
2023-12-21 16:30:30,012 INFO    WriterThread:30424 [datastore.py:open_for_write():85] open: c:\Users\Susana\Desktop\Universidad\Tercero\Primer\AA2\project\ConvolutionalNetwork\wandb\run-20231221_163029-0vop98av\run-0vop98av.wandb
2023-12-21 16:30:30,012 DEBUG   SenderThread:30424 [sender.py:send():382] send: header
2023-12-21 16:30:30,062 DEBUG   SenderThread:30424 [sender.py:send():382] send: run
2023-12-21 16:30:31,133 INFO    SenderThread:30424 [dir_watcher.py:__init__():211] watching files in: c:\Users\Susana\Desktop\Universidad\Tercero\Primer\AA2\project\ConvolutionalNetwork\wandb\run-20231221_163029-0vop98av\files
2023-12-21 16:30:31,133 INFO    SenderThread:30424 [sender.py:_start_run_threads():1136] run started: 0vop98av with start time 1703176230.012266
2023-12-21 16:30:31,139 DEBUG   HandlerThread:30424 [handler.py:handle_request():146] handle_request: check_version
2023-12-21 16:30:31,139 DEBUG   SenderThread:30424 [sender.py:send_request():409] send_request: check_version
2023-12-21 16:30:32,240 DEBUG   HandlerThread:30424 [handler.py:handle_request():146] handle_request: run_start
2023-12-21 16:30:32,261 DEBUG   HandlerThread:30424 [system_info.py:__init__():32] System info init
2023-12-21 16:30:32,261 DEBUG   HandlerThread:30424 [system_info.py:__init__():47] System info init done
2023-12-21 16:30:32,261 INFO    HandlerThread:30424 [system_monitor.py:start():194] Starting system monitor
2023-12-21 16:30:32,262 INFO    SystemMonitor:30424 [system_monitor.py:_start():158] Starting system asset monitoring threads
2023-12-21 16:30:32,263 INFO    HandlerThread:30424 [system_monitor.py:probe():214] Collecting system info
2023-12-21 16:30:32,267 DEBUG   HandlerThread:30424 [system_info.py:probe():196] Probing system
2023-12-21 16:30:32,267 INFO    SystemMonitor:30424 [interfaces.py:start():190] Started cpu monitoring
2023-12-21 16:30:32,271 INFO    SystemMonitor:30424 [interfaces.py:start():190] Started disk monitoring
2023-12-21 16:30:32,272 INFO    SystemMonitor:30424 [interfaces.py:start():190] Started memory monitoring
2023-12-21 16:30:32,288 INFO    SystemMonitor:30424 [interfaces.py:start():190] Started network monitoring
2023-12-21 16:30:32,288 DEBUG   HandlerThread:30424 [system_info.py:_probe_git():181] Probing git
2023-12-21 16:30:32,390 DEBUG   HandlerThread:30424 [system_info.py:_probe_git():189] Probing git done
2023-12-21 16:30:32,390 DEBUG   HandlerThread:30424 [system_info.py:probe():244] Probing system done
2023-12-21 16:30:32,390 DEBUG   HandlerThread:30424 [system_monitor.py:probe():223] {'os': 'Windows-10-10.0.22621-SP0', 'python': '3.8.18', 'heartbeatAt': '2023-12-21T16:30:32.267582', 'startedAt': '2023-12-21T16:30:29.990167', 'docker': None, 'cuda': None, 'args': (), 'state': 'running', 'program': '<python with no main file>', 'codePathLocal': None, 'git': {'remote': 'https://github.com/susanasrez/ConvolutionalNetwork', 'commit': 'dfbe7f3e43fec29c934449a116cd16c74a82ea37'}, 'email': 'susanasuarezmendoza26@gmail.com', 'root': 'C:/Users/Susana/Desktop/Universidad/Tercero/Primer/AA2/project/ConvolutionalNetwork', 'host': 'LAPTOP-CDJPJQCJ', 'username': 'Susana', 'executable': 'c:\\Users\\Susana\\anaconda3\\envs\\aa2\\python.exe', 'cpu_count': 4, 'cpu_count_logical': 8, 'cpu_freq': {'current': 1200.0, 'min': 0.0, 'max': 2701.0}, 'cpu_freq_per_core': [{'current': 1200.0, 'min': 0.0, 'max': 2701.0}], 'disk': {'/': {'total': 952.7656211853027, 'used': 472.4892578125}}, 'memory': {'total': 15.650932312011719}}
2023-12-21 16:30:32,390 INFO    HandlerThread:30424 [system_monitor.py:probe():224] Finished collecting system info
2023-12-21 16:30:32,390 INFO    HandlerThread:30424 [system_monitor.py:probe():227] Publishing system info
2023-12-21 16:30:32,390 DEBUG   HandlerThread:30424 [system_info.py:_save_pip():52] Saving list of pip packages installed into the current environment
2023-12-21 16:30:32,391 DEBUG   HandlerThread:30424 [system_info.py:_save_pip():68] Saving pip packages done
2023-12-21 16:30:32,391 DEBUG   HandlerThread:30424 [system_info.py:_save_conda():75] Saving list of conda packages installed into the current environment
2023-12-21 16:30:32,395 ERROR   HandlerThread:30424 [system_info.py:_save_conda():86] Error saving conda packages: [WinError 2] El sistema no puede encontrar el archivo especificado
Traceback (most recent call last):
  File "c:\Users\Susana\anaconda3\envs\aa2\lib\site-packages\wandb\sdk\internal\system\system_info.py", line 82, in _save_conda
    subprocess.call(
  File "c:\Users\Susana\anaconda3\envs\aa2\lib\subprocess.py", line 340, in call
    with Popen(*popenargs, **kwargs) as p:
  File "c:\Users\Susana\anaconda3\envs\aa2\lib\subprocess.py", line 858, in __init__
    self._execute_child(args, executable, preexec_fn, close_fds,
  File "c:\Users\Susana\anaconda3\envs\aa2\lib\subprocess.py", line 1327, in _execute_child
    hp, ht, pid, tid = _winapi.CreateProcess(executable, args,
FileNotFoundError: [WinError 2] El sistema no puede encontrar el archivo especificado
2023-12-21 16:30:32,398 DEBUG   HandlerThread:30424 [system_info.py:_save_conda():87] Saving conda packages done
2023-12-21 16:30:32,398 INFO    HandlerThread:30424 [system_monitor.py:probe():229] Finished publishing system info
2023-12-21 16:30:32,406 DEBUG   SenderThread:30424 [sender.py:send():382] send: files
2023-12-21 16:30:32,406 INFO    SenderThread:30424 [sender.py:_save_file():1392] saving file wandb-metadata.json with policy now
2023-12-21 16:30:32,441 DEBUG   HandlerThread:30424 [handler.py:handle_request():146] handle_request: stop_status
2023-12-21 16:30:32,441 DEBUG   SenderThread:30424 [sender.py:send_request():409] send_request: stop_status
2023-12-21 16:30:32,441 DEBUG   HandlerThread:30424 [handler.py:handle_request():146] handle_request: internal_messages
2023-12-21 16:30:32,448 DEBUG   HandlerThread:30424 [handler.py:handle_request():146] handle_request: pause
2023-12-21 16:30:32,448 INFO    HandlerThread:30424 [handler.py:handle_request_pause():705] stopping system metrics thread
2023-12-21 16:30:32,448 INFO    HandlerThread:30424 [system_monitor.py:finish():203] Stopping system monitor
2023-12-21 16:30:32,448 INFO    HandlerThread:30424 [interfaces.py:finish():202] Joined cpu monitor
2023-12-21 16:30:32,448 DEBUG   SystemMonitor:30424 [system_monitor.py:_start():172] Starting system metrics aggregation loop
2023-12-21 16:30:32,448 DEBUG   SystemMonitor:30424 [system_monitor.py:_start():179] Finished system metrics aggregation loop
2023-12-21 16:30:32,448 INFO    HandlerThread:30424 [interfaces.py:finish():202] Joined disk monitor
2023-12-21 16:30:32,451 DEBUG   SystemMonitor:30424 [system_monitor.py:_start():183] Publishing last batch of metrics
2023-12-21 16:30:32,451 INFO    HandlerThread:30424 [interfaces.py:finish():202] Joined memory monitor
2023-12-21 16:30:32,451 INFO    HandlerThread:30424 [interfaces.py:finish():202] Joined network monitor
2023-12-21 16:30:32,459 DEBUG   HandlerThread:30424 [handler.py:handle_request():146] handle_request: resume
2023-12-21 16:30:32,459 INFO    HandlerThread:30424 [handler.py:handle_request_resume():696] starting system metrics thread
2023-12-21 16:30:32,459 INFO    HandlerThread:30424 [system_monitor.py:start():194] Starting system monitor
2023-12-21 16:30:32,459 INFO    SystemMonitor:30424 [system_monitor.py:_start():158] Starting system asset monitoring threads
2023-12-21 16:30:32,475 INFO    SystemMonitor:30424 [interfaces.py:start():190] Started cpu monitoring
2023-12-21 16:30:32,475 DEBUG   HandlerThread:30424 [handler.py:handle_request():146] handle_request: pause
2023-12-21 16:30:32,476 INFO    HandlerThread:30424 [handler.py:handle_request_pause():705] stopping system metrics thread
2023-12-21 16:30:32,476 INFO    HandlerThread:30424 [system_monitor.py:finish():203] Stopping system monitor
2023-12-21 16:30:32,476 INFO    HandlerThread:30424 [interfaces.py:finish():202] Joined cpu monitor
2023-12-21 16:30:32,476 INFO    SystemMonitor:30424 [interfaces.py:start():190] Started disk monitoring
2023-12-21 16:30:32,477 DEBUG   SystemMonitor:30424 [system_monitor.py:_start():172] Starting system metrics aggregation loop
2023-12-21 16:30:32,477 INFO    HandlerThread:30424 [interfaces.py:finish():202] Joined disk monitor
2023-12-21 16:30:32,477 DEBUG   SystemMonitor:30424 [system_monitor.py:_start():179] Finished system metrics aggregation loop
2023-12-21 16:30:32,477 DEBUG   SystemMonitor:30424 [system_monitor.py:_start():183] Publishing last batch of metrics
2023-12-21 16:30:32,481 DEBUG   HandlerThread:30424 [handler.py:handle_request():146] handle_request: resume
2023-12-21 16:30:32,481 INFO    HandlerThread:30424 [handler.py:handle_request_resume():696] starting system metrics thread
2023-12-21 16:30:32,481 INFO    HandlerThread:30424 [system_monitor.py:start():194] Starting system monitor
2023-12-21 16:30:32,481 INFO    SystemMonitor:30424 [system_monitor.py:_start():158] Starting system asset monitoring threads
2023-12-21 16:30:32,489 INFO    SystemMonitor:30424 [interfaces.py:start():190] Started cpu monitoring
2023-12-21 16:30:32,490 INFO    SystemMonitor:30424 [interfaces.py:start():190] Started disk monitoring
2023-12-21 16:30:32,491 INFO    SystemMonitor:30424 [interfaces.py:start():190] Started memory monitoring
2023-12-21 16:30:32,500 INFO    SystemMonitor:30424 [interfaces.py:start():190] Started network monitoring
2023-12-21 16:30:32,510 DEBUG   HandlerThread:30424 [handler.py:handle_request():146] handle_request: pause
2023-12-21 16:30:32,510 INFO    HandlerThread:30424 [handler.py:handle_request_pause():705] stopping system metrics thread
2023-12-21 16:30:32,510 INFO    HandlerThread:30424 [system_monitor.py:finish():203] Stopping system monitor
2023-12-21 16:30:32,510 DEBUG   SystemMonitor:30424 [system_monitor.py:_start():172] Starting system metrics aggregation loop
2023-12-21 16:30:32,510 DEBUG   SystemMonitor:30424 [system_monitor.py:_start():179] Finished system metrics aggregation loop
2023-12-21 16:30:32,511 DEBUG   SystemMonitor:30424 [system_monitor.py:_start():183] Publishing last batch of metrics
2023-12-21 16:30:32,511 INFO    HandlerThread:30424 [interfaces.py:finish():202] Joined cpu monitor
2023-12-21 16:30:32,512 INFO    HandlerThread:30424 [interfaces.py:finish():202] Joined disk monitor
2023-12-21 16:30:32,512 INFO    HandlerThread:30424 [interfaces.py:finish():202] Joined memory monitor
2023-12-21 16:30:32,512 INFO    HandlerThread:30424 [interfaces.py:finish():202] Joined network monitor
2023-12-21 16:30:32,528 DEBUG   HandlerThread:30424 [handler.py:handle_request():146] handle_request: resume
2023-12-21 16:30:32,528 INFO    HandlerThread:30424 [handler.py:handle_request_resume():696] starting system metrics thread
2023-12-21 16:30:32,528 INFO    HandlerThread:30424 [system_monitor.py:start():194] Starting system monitor
2023-12-21 16:30:32,529 INFO    SystemMonitor:30424 [system_monitor.py:_start():158] Starting system asset monitoring threads
2023-12-21 16:30:32,539 INFO    SystemMonitor:30424 [interfaces.py:start():190] Started cpu monitoring
2023-12-21 16:30:32,540 DEBUG   HandlerThread:30424 [handler.py:handle_request():146] handle_request: pause
2023-12-21 16:30:32,540 INFO    HandlerThread:30424 [handler.py:handle_request_pause():705] stopping system metrics thread
2023-12-21 16:30:32,540 INFO    SystemMonitor:30424 [interfaces.py:start():190] Started disk monitoring
2023-12-21 16:30:32,541 INFO    HandlerThread:30424 [system_monitor.py:finish():203] Stopping system monitor
2023-12-21 16:30:32,542 INFO    SystemMonitor:30424 [interfaces.py:start():190] Started memory monitoring
2023-12-21 16:30:32,542 INFO    HandlerThread:30424 [interfaces.py:finish():202] Joined cpu monitor
2023-12-21 16:30:32,542 DEBUG   SystemMonitor:30424 [system_monitor.py:_start():172] Starting system metrics aggregation loop
2023-12-21 16:30:32,542 INFO    HandlerThread:30424 [interfaces.py:finish():202] Joined disk monitor
2023-12-21 16:30:32,542 DEBUG   SystemMonitor:30424 [system_monitor.py:_start():179] Finished system metrics aggregation loop
2023-12-21 16:30:32,542 DEBUG   SystemMonitor:30424 [system_monitor.py:_start():183] Publishing last batch of metrics
2023-12-21 16:30:32,542 INFO    HandlerThread:30424 [interfaces.py:finish():202] Joined memory monitor
2023-12-21 16:30:32,545 DEBUG   HandlerThread:30424 [handler.py:handle_request():146] handle_request: resume
2023-12-21 16:30:32,545 INFO    HandlerThread:30424 [handler.py:handle_request_resume():696] starting system metrics thread
2023-12-21 16:30:32,545 INFO    HandlerThread:30424 [system_monitor.py:start():194] Starting system monitor
2023-12-21 16:30:32,545 INFO    SystemMonitor:30424 [system_monitor.py:_start():158] Starting system asset monitoring threads
2023-12-21 16:30:32,563 INFO    SystemMonitor:30424 [interfaces.py:start():190] Started cpu monitoring
2023-12-21 16:30:32,563 DEBUG   HandlerThread:30424 [handler.py:handle_request():146] handle_request: pause
2023-12-21 16:30:32,563 INFO    HandlerThread:30424 [handler.py:handle_request_pause():705] stopping system metrics thread
2023-12-21 16:30:32,564 INFO    HandlerThread:30424 [system_monitor.py:finish():203] Stopping system monitor
2023-12-21 16:30:32,564 INFO    HandlerThread:30424 [interfaces.py:finish():202] Joined cpu monitor
2023-12-21 16:30:32,564 INFO    HandlerThread:30424 [interfaces.py:finish():202] Joined disk monitor
2023-12-21 16:30:32,565 INFO    SystemMonitor:30424 [interfaces.py:start():190] Started disk monitoring
2023-12-21 16:30:32,565 DEBUG   SystemMonitor:30424 [system_monitor.py:_start():172] Starting system metrics aggregation loop
2023-12-21 16:30:32,565 DEBUG   SystemMonitor:30424 [system_monitor.py:_start():179] Finished system metrics aggregation loop
2023-12-21 16:30:32,565 DEBUG   SystemMonitor:30424 [system_monitor.py:_start():183] Publishing last batch of metrics
2023-12-21 16:30:32,566 DEBUG   HandlerThread:30424 [handler.py:handle_request():146] handle_request: resume
2023-12-21 16:30:32,566 INFO    HandlerThread:30424 [handler.py:handle_request_resume():696] starting system metrics thread
2023-12-21 16:30:32,566 INFO    HandlerThread:30424 [system_monitor.py:start():194] Starting system monitor
2023-12-21 16:30:32,566 INFO    SystemMonitor:30424 [system_monitor.py:_start():158] Starting system asset monitoring threads
2023-12-21 16:30:32,576 INFO    SystemMonitor:30424 [interfaces.py:start():190] Started cpu monitoring
2023-12-21 16:30:32,577 DEBUG   HandlerThread:30424 [handler.py:handle_request():146] handle_request: pause
2023-12-21 16:30:32,577 INFO    HandlerThread:30424 [handler.py:handle_request_pause():705] stopping system metrics thread
2023-12-21 16:30:32,577 INFO    HandlerThread:30424 [system_monitor.py:finish():203] Stopping system monitor
2023-12-21 16:30:32,577 INFO    SystemMonitor:30424 [interfaces.py:start():190] Started disk monitoring
2023-12-21 16:30:32,578 INFO    HandlerThread:30424 [interfaces.py:finish():202] Joined cpu monitor
2023-12-21 16:30:32,578 DEBUG   SystemMonitor:30424 [system_monitor.py:_start():172] Starting system metrics aggregation loop
2023-12-21 16:30:32,579 DEBUG   SystemMonitor:30424 [system_monitor.py:_start():179] Finished system metrics aggregation loop
2023-12-21 16:30:32,579 INFO    HandlerThread:30424 [interfaces.py:finish():202] Joined disk monitor
2023-12-21 16:30:32,579 DEBUG   SystemMonitor:30424 [system_monitor.py:_start():183] Publishing last batch of metrics
2023-12-21 16:30:32,597 DEBUG   HandlerThread:30424 [handler.py:handle_request():146] handle_request: resume
2023-12-21 16:30:32,597 INFO    HandlerThread:30424 [handler.py:handle_request_resume():696] starting system metrics thread
2023-12-21 16:30:32,597 INFO    HandlerThread:30424 [system_monitor.py:start():194] Starting system monitor
2023-12-21 16:30:32,598 INFO    SystemMonitor:30424 [system_monitor.py:_start():158] Starting system asset monitoring threads
2023-12-21 16:30:32,607 INFO    SystemMonitor:30424 [interfaces.py:start():190] Started cpu monitoring
2023-12-21 16:30:32,607 DEBUG   HandlerThread:30424 [handler.py:handle_request():146] handle_request: pause
2023-12-21 16:30:32,608 INFO    HandlerThread:30424 [handler.py:handle_request_pause():705] stopping system metrics thread
2023-12-21 16:30:32,608 INFO    HandlerThread:30424 [system_monitor.py:finish():203] Stopping system monitor
2023-12-21 16:30:32,608 INFO    SystemMonitor:30424 [interfaces.py:start():190] Started disk monitoring
2023-12-21 16:30:32,609 DEBUG   SystemMonitor:30424 [system_monitor.py:_start():172] Starting system metrics aggregation loop
2023-12-21 16:30:32,609 DEBUG   SystemMonitor:30424 [system_monitor.py:_start():179] Finished system metrics aggregation loop
2023-12-21 16:30:32,609 INFO    HandlerThread:30424 [interfaces.py:finish():202] Joined cpu monitor
2023-12-21 16:30:32,610 DEBUG   SystemMonitor:30424 [system_monitor.py:_start():183] Publishing last batch of metrics
2023-12-21 16:30:32,610 INFO    HandlerThread:30424 [interfaces.py:finish():202] Joined disk monitor
2023-12-21 16:30:32,622 DEBUG   HandlerThread:30424 [handler.py:handle_request():146] handle_request: resume
2023-12-21 16:30:32,622 INFO    HandlerThread:30424 [handler.py:handle_request_resume():696] starting system metrics thread
2023-12-21 16:30:32,622 INFO    HandlerThread:30424 [system_monitor.py:start():194] Starting system monitor
2023-12-21 16:30:32,623 INFO    SystemMonitor:30424 [system_monitor.py:_start():158] Starting system asset monitoring threads
2023-12-21 16:30:32,633 INFO    SystemMonitor:30424 [interfaces.py:start():190] Started cpu monitoring
2023-12-21 16:30:32,634 INFO    SystemMonitor:30424 [interfaces.py:start():190] Started disk monitoring
2023-12-21 16:30:32,635 INFO    SystemMonitor:30424 [interfaces.py:start():190] Started memory monitoring
2023-12-21 16:30:32,652 INFO    SystemMonitor:30424 [interfaces.py:start():190] Started network monitoring
2023-12-21 16:30:32,858 DEBUG   HandlerThread:30424 [handler.py:handle_request():146] handle_request: pause
2023-12-21 16:30:32,858 INFO    HandlerThread:30424 [handler.py:handle_request_pause():705] stopping system metrics thread
2023-12-21 16:30:32,858 INFO    HandlerThread:30424 [system_monitor.py:finish():203] Stopping system monitor
2023-12-21 16:30:32,859 DEBUG   SystemMonitor:30424 [system_monitor.py:_start():172] Starting system metrics aggregation loop
2023-12-21 16:30:32,859 INFO    HandlerThread:30424 [interfaces.py:finish():202] Joined cpu monitor
2023-12-21 16:30:32,859 DEBUG   SystemMonitor:30424 [system_monitor.py:_start():179] Finished system metrics aggregation loop
2023-12-21 16:30:32,860 INFO    HandlerThread:30424 [interfaces.py:finish():202] Joined disk monitor
2023-12-21 16:30:32,860 DEBUG   SystemMonitor:30424 [system_monitor.py:_start():183] Publishing last batch of metrics
2023-12-21 16:30:32,860 INFO    HandlerThread:30424 [interfaces.py:finish():202] Joined memory monitor
2023-12-21 16:30:32,861 INFO    HandlerThread:30424 [interfaces.py:finish():202] Joined network monitor
2023-12-21 16:30:32,874 DEBUG   HandlerThread:30424 [handler.py:handle_request():146] handle_request: resume
2023-12-21 16:30:32,874 INFO    HandlerThread:30424 [handler.py:handle_request_resume():696] starting system metrics thread
2023-12-21 16:30:32,874 INFO    HandlerThread:30424 [system_monitor.py:start():194] Starting system monitor
2023-12-21 16:30:32,874 INFO    SystemMonitor:30424 [system_monitor.py:_start():158] Starting system asset monitoring threads
2023-12-21 16:30:32,882 INFO    SystemMonitor:30424 [interfaces.py:start():190] Started cpu monitoring
2023-12-21 16:30:32,883 DEBUG   HandlerThread:30424 [handler.py:handle_request():146] handle_request: pause
2023-12-21 16:30:32,883 INFO    HandlerThread:30424 [handler.py:handle_request_pause():705] stopping system metrics thread
2023-12-21 16:30:32,883 INFO    SystemMonitor:30424 [interfaces.py:start():190] Started disk monitoring
2023-12-21 16:30:32,883 INFO    HandlerThread:30424 [system_monitor.py:finish():203] Stopping system monitor
2023-12-21 16:30:32,884 INFO    HandlerThread:30424 [interfaces.py:finish():202] Joined cpu monitor
2023-12-21 16:30:32,884 INFO    SystemMonitor:30424 [interfaces.py:start():190] Started memory monitoring
2023-12-21 16:30:32,884 DEBUG   SystemMonitor:30424 [system_monitor.py:_start():172] Starting system metrics aggregation loop
2023-12-21 16:30:32,884 INFO    HandlerThread:30424 [interfaces.py:finish():202] Joined disk monitor
2023-12-21 16:30:32,884 DEBUG   SystemMonitor:30424 [system_monitor.py:_start():179] Finished system metrics aggregation loop
2023-12-21 16:30:32,884 INFO    HandlerThread:30424 [interfaces.py:finish():202] Joined memory monitor
2023-12-21 16:30:32,885 DEBUG   SystemMonitor:30424 [system_monitor.py:_start():183] Publishing last batch of metrics
2023-12-21 16:30:32,900 DEBUG   HandlerThread:30424 [handler.py:handle_request():146] handle_request: resume
2023-12-21 16:30:32,900 INFO    HandlerThread:30424 [handler.py:handle_request_resume():696] starting system metrics thread
2023-12-21 16:30:32,900 INFO    HandlerThread:30424 [system_monitor.py:start():194] Starting system monitor
2023-12-21 16:30:32,900 INFO    SystemMonitor:30424 [system_monitor.py:_start():158] Starting system asset monitoring threads
2023-12-21 16:30:32,911 INFO    SystemMonitor:30424 [interfaces.py:start():190] Started cpu monitoring
2023-12-21 16:30:32,911 DEBUG   HandlerThread:30424 [handler.py:handle_request():146] handle_request: pause
2023-12-21 16:30:32,912 INFO    SystemMonitor:30424 [interfaces.py:start():190] Started disk monitoring
2023-12-21 16:30:32,912 INFO    HandlerThread:30424 [handler.py:handle_request_pause():705] stopping system metrics thread
2023-12-21 16:30:32,912 INFO    HandlerThread:30424 [system_monitor.py:finish():203] Stopping system monitor
2023-12-21 16:30:32,912 INFO    SystemMonitor:30424 [interfaces.py:start():190] Started memory monitoring
2023-12-21 16:30:32,913 INFO    HandlerThread:30424 [interfaces.py:finish():202] Joined cpu monitor
2023-12-21 16:30:32,913 DEBUG   SystemMonitor:30424 [system_monitor.py:_start():172] Starting system metrics aggregation loop
2023-12-21 16:30:32,913 INFO    HandlerThread:30424 [interfaces.py:finish():202] Joined disk monitor
2023-12-21 16:30:32,913 DEBUG   SystemMonitor:30424 [system_monitor.py:_start():179] Finished system metrics aggregation loop
2023-12-21 16:30:32,913 INFO    HandlerThread:30424 [interfaces.py:finish():202] Joined memory monitor
2023-12-21 16:30:32,914 DEBUG   SystemMonitor:30424 [system_monitor.py:_start():183] Publishing last batch of metrics
2023-12-21 16:30:32,923 DEBUG   HandlerThread:30424 [handler.py:handle_request():146] handle_request: resume
2023-12-21 16:30:32,923 INFO    HandlerThread:30424 [handler.py:handle_request_resume():696] starting system metrics thread
2023-12-21 16:30:32,923 INFO    HandlerThread:30424 [system_monitor.py:start():194] Starting system monitor
2023-12-21 16:30:32,924 INFO    SystemMonitor:30424 [system_monitor.py:_start():158] Starting system asset monitoring threads
2023-12-21 16:30:32,927 INFO    SystemMonitor:30424 [interfaces.py:start():190] Started cpu monitoring
2023-12-21 16:30:32,927 INFO    SystemMonitor:30424 [interfaces.py:start():190] Started disk monitoring
2023-12-21 16:30:32,927 INFO    SystemMonitor:30424 [interfaces.py:start():190] Started memory monitoring
2023-12-21 16:30:32,947 INFO    SystemMonitor:30424 [interfaces.py:start():190] Started network monitoring
2023-12-21 16:30:33,155 INFO    Thread-16 :30424 [dir_watcher.py:_on_file_created():271] file/dir created: c:\Users\Susana\Desktop\Universidad\Tercero\Primer\AA2\project\ConvolutionalNetwork\wandb\run-20231221_163029-0vop98av\files\requirements.txt
2023-12-21 16:30:33,156 INFO    Thread-16 :30424 [dir_watcher.py:_on_file_created():271] file/dir created: c:\Users\Susana\Desktop\Universidad\Tercero\Primer\AA2\project\ConvolutionalNetwork\wandb\run-20231221_163029-0vop98av\files\wandb-metadata.json
2023-12-21 16:30:33,157 INFO    Thread-16 :30424 [dir_watcher.py:_on_file_created():271] file/dir created: c:\Users\Susana\Desktop\Universidad\Tercero\Primer\AA2\project\ConvolutionalNetwork\wandb\run-20231221_163029-0vop98av\files\conda-environment.yaml
2023-12-21 16:30:33,542 DEBUG   SenderThread:30424 [sender.py:send():382] send: telemetry
2023-12-21 16:30:33,542 DEBUG   SenderThread:30424 [sender.py:send():382] send: stats
2023-12-21 16:30:33,542 DEBUG   SenderThread:30424 [sender.py:send():382] send: stats
2023-12-21 16:30:33,542 DEBUG   SenderThread:30424 [sender.py:send():382] send: stats
2023-12-21 16:30:33,542 DEBUG   SenderThread:30424 [sender.py:send():382] send: stats
2023-12-21 16:30:33,542 DEBUG   SenderThread:30424 [sender.py:send():382] send: stats
2023-12-21 16:30:33,542 DEBUG   SenderThread:30424 [sender.py:send():382] send: stats
2023-12-21 16:30:33,542 DEBUG   SenderThread:30424 [sender.py:send():382] send: stats
2023-12-21 16:30:33,542 DEBUG   SenderThread:30424 [sender.py:send():382] send: stats
2023-12-21 16:30:33,542 DEBUG   SenderThread:30424 [sender.py:send():382] send: stats
2023-12-21 16:30:33,542 DEBUG   SenderThread:30424 [sender.py:send():382] send: stats
2023-12-21 16:30:34,155 INFO    Thread-16 :30424 [dir_watcher.py:_on_file_created():271] file/dir created: c:\Users\Susana\Desktop\Universidad\Tercero\Primer\AA2\project\ConvolutionalNetwork\wandb\run-20231221_163029-0vop98av\files\output.log
2023-12-21 16:30:34,688 INFO    wandb-upload_0:30424 [upload_job.py:push():131] Uploaded file C:\Users\Susana\AppData\Local\Temp\tmpet4i3nkzwandb\5c4dc981-wandb-metadata.json
2023-12-21 16:30:35,554 DEBUG   HandlerThread:30424 [handler.py:handle_request():146] handle_request: status_report
2023-12-21 16:30:36,171 INFO    Thread-16 :30424 [dir_watcher.py:_on_file_modified():288] file/dir modified: c:\Users\Susana\Desktop\Universidad\Tercero\Primer\AA2\project\ConvolutionalNetwork\wandb\run-20231221_163029-0vop98av\files\output.log
2023-12-21 16:30:40,570 DEBUG   HandlerThread:30424 [handler.py:handle_request():146] handle_request: status_report
2023-12-21 16:30:45,611 DEBUG   HandlerThread:30424 [handler.py:handle_request():146] handle_request: status_report
2023-12-21 16:30:47,444 DEBUG   HandlerThread:30424 [handler.py:handle_request():146] handle_request: internal_messages
2023-12-21 16:30:47,470 DEBUG   HandlerThread:30424 [handler.py:handle_request():146] handle_request: stop_status
2023-12-21 16:30:47,471 DEBUG   SenderThread:30424 [sender.py:send_request():409] send_request: stop_status
2023-12-21 16:30:50,777 DEBUG   HandlerThread:30424 [handler.py:handle_request():146] handle_request: status_report
2023-12-21 16:30:55,820 DEBUG   HandlerThread:30424 [handler.py:handle_request():146] handle_request: status_report
2023-12-21 16:31:00,856 DEBUG   HandlerThread:30424 [handler.py:handle_request():146] handle_request: status_report
2023-12-21 16:31:01,424 INFO    Thread-16 :30424 [dir_watcher.py:_on_file_modified():288] file/dir modified: c:\Users\Susana\Desktop\Universidad\Tercero\Primer\AA2\project\ConvolutionalNetwork\wandb\run-20231221_163029-0vop98av\files\config.yaml
2023-12-21 16:31:02,455 DEBUG   HandlerThread:30424 [handler.py:handle_request():146] handle_request: internal_messages
2023-12-21 16:31:02,473 DEBUG   HandlerThread:30424 [handler.py:handle_request():146] handle_request: stop_status
2023-12-21 16:31:02,474 DEBUG   SenderThread:30424 [sender.py:send_request():409] send_request: stop_status
2023-12-21 16:31:06,837 DEBUG   HandlerThread:30424 [handler.py:handle_request():146] handle_request: status_report
2023-12-21 16:31:11,855 DEBUG   HandlerThread:30424 [handler.py:handle_request():146] handle_request: status_report
2023-12-21 16:31:16,903 DEBUG   HandlerThread:30424 [handler.py:handle_request():146] handle_request: status_report
2023-12-21 16:31:17,454 DEBUG   HandlerThread:30424 [handler.py:handle_request():146] handle_request: internal_messages
2023-12-21 16:31:17,523 DEBUG   HandlerThread:30424 [handler.py:handle_request():146] handle_request: stop_status
2023-12-21 16:31:17,523 DEBUG   SenderThread:30424 [sender.py:send_request():409] send_request: stop_status
2023-12-21 16:31:22,788 DEBUG   HandlerThread:30424 [handler.py:handle_request():146] handle_request: status_report
2023-12-21 16:31:27,819 DEBUG   HandlerThread:30424 [handler.py:handle_request():146] handle_request: status_report
2023-12-21 16:31:32,456 DEBUG   HandlerThread:30424 [handler.py:handle_request():146] handle_request: internal_messages
2023-12-21 16:31:32,504 DEBUG   HandlerThread:30424 [handler.py:handle_request():146] handle_request: stop_status
2023-12-21 16:31:32,504 DEBUG   SenderThread:30424 [sender.py:send_request():409] send_request: stop_status
2023-12-21 16:31:32,971 DEBUG   SystemMonitor:30424 [system_monitor.py:_start():172] Starting system metrics aggregation loop
2023-12-21 16:31:32,973 DEBUG   SenderThread:30424 [sender.py:send():382] send: stats
2023-12-21 16:31:32,976 DEBUG   HandlerThread:30424 [handler.py:handle_request():146] handle_request: status_report
2023-12-21 16:31:38,004 DEBUG   HandlerThread:30424 [handler.py:handle_request():146] handle_request: status_report
2023-12-21 16:31:43,022 DEBUG   HandlerThread:30424 [handler.py:handle_request():146] handle_request: status_report
2023-12-21 16:31:47,453 DEBUG   HandlerThread:30424 [handler.py:handle_request():146] handle_request: internal_messages
2023-12-21 16:31:47,520 DEBUG   HandlerThread:30424 [handler.py:handle_request():146] handle_request: stop_status
2023-12-21 16:31:47,520 DEBUG   SenderThread:30424 [sender.py:send_request():409] send_request: stop_status
2023-12-21 16:31:48,752 DEBUG   HandlerThread:30424 [handler.py:handle_request():146] handle_request: status_report
2023-12-21 16:31:53,788 DEBUG   HandlerThread:30424 [handler.py:handle_request():146] handle_request: status_report
2023-12-21 16:31:58,824 DEBUG   HandlerThread:30424 [handler.py:handle_request():146] handle_request: status_report
2023-12-21 16:32:02,456 DEBUG   HandlerThread:30424 [handler.py:handle_request():146] handle_request: internal_messages
2023-12-21 16:32:02,524 DEBUG   HandlerThread:30424 [handler.py:handle_request():146] handle_request: stop_status
2023-12-21 16:32:02,525 DEBUG   SenderThread:30424 [sender.py:send_request():409] send_request: stop_status
2023-12-21 16:32:02,978 DEBUG   SenderThread:30424 [sender.py:send():382] send: stats
2023-12-21 16:32:03,982 DEBUG   HandlerThread:30424 [handler.py:handle_request():146] handle_request: status_report
2023-12-21 16:32:09,026 DEBUG   HandlerThread:30424 [handler.py:handle_request():146] handle_request: status_report
2023-12-21 16:32:14,096 DEBUG   HandlerThread:30424 [handler.py:handle_request():146] handle_request: status_report
2023-12-21 16:32:17,457 DEBUG   HandlerThread:30424 [handler.py:handle_request():146] handle_request: internal_messages
2023-12-21 16:32:17,524 DEBUG   HandlerThread:30424 [handler.py:handle_request():146] handle_request: stop_status
2023-12-21 16:32:17,525 DEBUG   SenderThread:30424 [sender.py:send_request():409] send_request: stop_status
2023-12-21 16:32:19,839 DEBUG   HandlerThread:30424 [handler.py:handle_request():146] handle_request: status_report
2023-12-21 16:32:24,861 DEBUG   HandlerThread:30424 [handler.py:handle_request():146] handle_request: status_report
2023-12-21 16:32:29,890 DEBUG   HandlerThread:30424 [handler.py:handle_request():146] handle_request: status_report
2023-12-21 16:32:32,471 DEBUG   HandlerThread:30424 [handler.py:handle_request():146] handle_request: internal_messages
2023-12-21 16:32:32,527 DEBUG   HandlerThread:30424 [handler.py:handle_request():146] handle_request: stop_status
2023-12-21 16:32:32,528 DEBUG   SenderThread:30424 [sender.py:send_request():409] send_request: stop_status
2023-12-21 16:32:32,978 DEBUG   SenderThread:30424 [sender.py:send():382] send: stats
2023-12-21 16:32:35,089 DEBUG   HandlerThread:30424 [handler.py:handle_request():146] handle_request: status_report
2023-12-21 16:32:40,156 DEBUG   HandlerThread:30424 [handler.py:handle_request():146] handle_request: status_report
2023-12-21 16:32:45,206 DEBUG   HandlerThread:30424 [handler.py:handle_request():146] handle_request: status_report
2023-12-21 16:32:47,459 DEBUG   HandlerThread:30424 [handler.py:handle_request():146] handle_request: internal_messages
2023-12-21 16:32:47,540 DEBUG   HandlerThread:30424 [handler.py:handle_request():146] handle_request: stop_status
2023-12-21 16:32:47,540 DEBUG   SenderThread:30424 [sender.py:send_request():409] send_request: stop_status
2023-12-21 16:32:50,956 DEBUG   HandlerThread:30424 [handler.py:handle_request():146] handle_request: status_report
2023-12-21 16:32:55,994 DEBUG   HandlerThread:30424 [handler.py:handle_request():146] handle_request: status_report
2023-12-21 16:33:01,022 DEBUG   HandlerThread:30424 [handler.py:handle_request():146] handle_request: status_report
2023-12-21 16:33:02,473 DEBUG   HandlerThread:30424 [handler.py:handle_request():146] handle_request: internal_messages
2023-12-21 16:33:02,556 DEBUG   HandlerThread:30424 [handler.py:handle_request():146] handle_request: stop_status
2023-12-21 16:33:02,556 DEBUG   SenderThread:30424 [sender.py:send_request():409] send_request: stop_status
2023-12-21 16:33:03,114 DEBUG   SenderThread:30424 [sender.py:send():382] send: stats
2023-12-21 16:33:06,139 DEBUG   HandlerThread:30424 [handler.py:handle_request():146] handle_request: status_report
2023-12-21 16:33:11,187 DEBUG   HandlerThread:30424 [handler.py:handle_request():146] handle_request: status_report
2023-12-21 16:33:16,228 DEBUG   HandlerThread:30424 [handler.py:handle_request():146] handle_request: status_report
2023-12-21 16:33:17,461 DEBUG   HandlerThread:30424 [handler.py:handle_request():146] handle_request: internal_messages
2023-12-21 16:33:17,557 DEBUG   HandlerThread:30424 [handler.py:handle_request():146] handle_request: stop_status
2023-12-21 16:33:17,557 DEBUG   SenderThread:30424 [sender.py:send_request():409] send_request: stop_status
2023-12-21 16:33:21,708 DEBUG   HandlerThread:30424 [handler.py:handle_request():146] handle_request: status_report
2023-12-21 16:33:26,737 DEBUG   HandlerThread:30424 [handler.py:handle_request():146] handle_request: status_report
2023-12-21 16:33:31,755 DEBUG   HandlerThread:30424 [handler.py:handle_request():146] handle_request: status_report
2023-12-21 16:33:32,471 DEBUG   HandlerThread:30424 [handler.py:handle_request():146] handle_request: internal_messages
2023-12-21 16:33:32,571 DEBUG   HandlerThread:30424 [handler.py:handle_request():146] handle_request: stop_status
2023-12-21 16:33:32,571 DEBUG   SenderThread:30424 [sender.py:send_request():409] send_request: stop_status
2023-12-21 16:33:33,005 DEBUG   SenderThread:30424 [sender.py:send():382] send: stats
2023-12-21 16:33:37,037 DEBUG   HandlerThread:30424 [handler.py:handle_request():146] handle_request: status_report
2023-12-21 16:33:37,705 DEBUG   HandlerThread:30424 [handler.py:handle_request():146] handle_request: partial_history
2023-12-21 16:33:37,721 DEBUG   SenderThread:30424 [sender.py:send():382] send: history
2023-12-21 16:33:37,721 DEBUG   SenderThread:30424 [sender.py:send_request():409] send_request: summary_record
2023-12-21 16:33:37,723 INFO    SenderThread:30424 [sender.py:_save_file():1392] saving file wandb-summary.json with policy end
2023-12-21 16:33:38,126 INFO    Thread-16 :30424 [dir_watcher.py:_on_file_created():271] file/dir created: c:\Users\Susana\Desktop\Universidad\Tercero\Primer\AA2\project\ConvolutionalNetwork\wandb\run-20231221_163029-0vop98av\files\wandb-summary.json
2023-12-21 16:33:39,141 INFO    Thread-16 :30424 [dir_watcher.py:_on_file_modified():288] file/dir modified: c:\Users\Susana\Desktop\Universidad\Tercero\Primer\AA2\project\ConvolutionalNetwork\wandb\run-20231221_163029-0vop98av\files\output.log
2023-12-21 16:33:42,773 DEBUG   HandlerThread:30424 [handler.py:handle_request():146] handle_request: status_report
2023-12-21 16:33:47,463 DEBUG   HandlerThread:30424 [handler.py:handle_request():146] handle_request: internal_messages
2023-12-21 16:33:47,576 DEBUG   HandlerThread:30424 [handler.py:handle_request():146] handle_request: stop_status
2023-12-21 16:33:47,576 DEBUG   SenderThread:30424 [sender.py:send_request():409] send_request: stop_status
2023-12-21 16:33:47,807 DEBUG   HandlerThread:30424 [handler.py:handle_request():146] handle_request: status_report
2023-12-21 16:33:52,821 DEBUG   HandlerThread:30424 [handler.py:handle_request():146] handle_request: status_report
2023-12-21 16:33:57,855 DEBUG   HandlerThread:30424 [handler.py:handle_request():146] handle_request: status_report
2023-12-21 16:34:02,471 DEBUG   HandlerThread:30424 [handler.py:handle_request():146] handle_request: internal_messages
2023-12-21 16:34:02,587 DEBUG   HandlerThread:30424 [handler.py:handle_request():146] handle_request: stop_status
2023-12-21 16:34:02,588 DEBUG   SenderThread:30424 [sender.py:send_request():409] send_request: stop_status
2023-12-21 16:34:03,021 DEBUG   SenderThread:30424 [sender.py:send():382] send: stats
2023-12-21 16:34:03,021 DEBUG   HandlerThread:30424 [handler.py:handle_request():146] handle_request: status_report
2023-12-21 16:34:08,045 DEBUG   HandlerThread:30424 [handler.py:handle_request():146] handle_request: status_report
2023-12-21 16:34:13,070 DEBUG   HandlerThread:30424 [handler.py:handle_request():146] handle_request: status_report
2023-12-21 16:34:17,472 DEBUG   HandlerThread:30424 [handler.py:handle_request():146] handle_request: internal_messages
2023-12-21 16:34:17,603 DEBUG   HandlerThread:30424 [handler.py:handle_request():146] handle_request: stop_status
2023-12-21 16:34:17,604 DEBUG   SenderThread:30424 [sender.py:send_request():409] send_request: stop_status
2023-12-21 16:34:18,906 DEBUG   HandlerThread:30424 [handler.py:handle_request():146] handle_request: status_report
2023-12-21 16:34:23,937 DEBUG   HandlerThread:30424 [handler.py:handle_request():146] handle_request: status_report
2023-12-21 16:34:28,955 DEBUG   HandlerThread:30424 [handler.py:handle_request():146] handle_request: status_report
2023-12-21 16:34:32,487 DEBUG   HandlerThread:30424 [handler.py:handle_request():146] handle_request: internal_messages
2023-12-21 16:34:32,620 DEBUG   HandlerThread:30424 [handler.py:handle_request():146] handle_request: stop_status
2023-12-21 16:34:32,621 DEBUG   SenderThread:30424 [sender.py:send_request():409] send_request: stop_status
2023-12-21 16:34:33,021 DEBUG   SenderThread:30424 [sender.py:send():382] send: stats
2023-12-21 16:34:34,022 DEBUG   HandlerThread:30424 [handler.py:handle_request():146] handle_request: status_report
2023-12-21 16:34:39,042 DEBUG   HandlerThread:30424 [handler.py:handle_request():146] handle_request: status_report
2023-12-21 16:34:44,072 DEBUG   HandlerThread:30424 [handler.py:handle_request():146] handle_request: status_report
2023-12-21 16:34:47,488 DEBUG   HandlerThread:30424 [handler.py:handle_request():146] handle_request: internal_messages
2023-12-21 16:34:47,637 DEBUG   HandlerThread:30424 [handler.py:handle_request():146] handle_request: stop_status
2023-12-21 16:34:47,638 DEBUG   SenderThread:30424 [sender.py:send_request():409] send_request: stop_status
2023-12-21 16:34:49,919 DEBUG   HandlerThread:30424 [handler.py:handle_request():146] handle_request: status_report
2023-12-21 16:34:54,937 DEBUG   HandlerThread:30424 [handler.py:handle_request():146] handle_request: status_report
2023-12-21 16:34:59,969 DEBUG   HandlerThread:30424 [handler.py:handle_request():146] handle_request: status_report
2023-12-21 16:35:02,487 DEBUG   HandlerThread:30424 [handler.py:handle_request():146] handle_request: internal_messages
2023-12-21 16:35:02,641 DEBUG   HandlerThread:30424 [handler.py:handle_request():146] handle_request: stop_status
2023-12-21 16:35:02,641 DEBUG   SenderThread:30424 [sender.py:send_request():409] send_request: stop_status
2023-12-21 16:35:03,022 DEBUG   SenderThread:30424 [sender.py:send():382] send: stats
2023-12-21 16:35:05,038 DEBUG   HandlerThread:30424 [handler.py:handle_request():146] handle_request: status_report
2023-12-21 16:35:10,072 DEBUG   HandlerThread:30424 [handler.py:handle_request():146] handle_request: status_report
2023-12-21 16:35:15,107 DEBUG   HandlerThread:30424 [handler.py:handle_request():146] handle_request: status_report
2023-12-21 16:35:17,474 DEBUG   HandlerThread:30424 [handler.py:handle_request():146] handle_request: internal_messages
2023-12-21 16:35:17,639 DEBUG   HandlerThread:30424 [handler.py:handle_request():146] handle_request: stop_status
2023-12-21 16:35:17,640 DEBUG   SenderThread:30424 [sender.py:send_request():409] send_request: stop_status
2023-12-21 16:35:20,940 DEBUG   HandlerThread:30424 [handler.py:handle_request():146] handle_request: status_report
2023-12-21 16:35:26,000 DEBUG   HandlerThread:30424 [handler.py:handle_request():146] handle_request: status_report
2023-12-21 16:35:31,043 DEBUG   HandlerThread:30424 [handler.py:handle_request():146] handle_request: status_report
2023-12-21 16:35:32,489 DEBUG   HandlerThread:30424 [handler.py:handle_request():146] handle_request: internal_messages
2023-12-21 16:35:32,646 DEBUG   HandlerThread:30424 [handler.py:handle_request():146] handle_request: stop_status
2023-12-21 16:35:32,647 DEBUG   SenderThread:30424 [sender.py:send_request():409] send_request: stop_status
2023-12-21 16:35:33,035 DEBUG   SenderThread:30424 [sender.py:send():382] send: stats
2023-12-21 16:35:36,072 DEBUG   HandlerThread:30424 [handler.py:handle_request():146] handle_request: status_report
2023-12-21 16:35:41,104 DEBUG   HandlerThread:30424 [handler.py:handle_request():146] handle_request: status_report
2023-12-21 16:35:46,148 DEBUG   HandlerThread:30424 [handler.py:handle_request():146] handle_request: status_report
2023-12-21 16:35:47,506 DEBUG   HandlerThread:30424 [handler.py:handle_request():146] handle_request: internal_messages
2023-12-21 16:35:47,647 DEBUG   HandlerThread:30424 [handler.py:handle_request():146] handle_request: stop_status
2023-12-21 16:35:47,647 DEBUG   SenderThread:30424 [sender.py:send_request():409] send_request: stop_status
2023-12-21 16:35:52,013 DEBUG   HandlerThread:30424 [handler.py:handle_request():146] handle_request: status_report
2023-12-21 16:35:57,046 DEBUG   HandlerThread:30424 [handler.py:handle_request():146] handle_request: status_report
2023-12-21 16:36:02,090 DEBUG   HandlerThread:30424 [handler.py:handle_request():146] handle_request: status_report
2023-12-21 16:36:02,510 DEBUG   HandlerThread:30424 [handler.py:handle_request():146] handle_request: internal_messages
2023-12-21 16:36:02,665 DEBUG   HandlerThread:30424 [handler.py:handle_request():146] handle_request: stop_status
2023-12-21 16:36:02,666 DEBUG   SenderThread:30424 [sender.py:send_request():409] send_request: stop_status
2023-12-21 16:36:03,275 DEBUG   SenderThread:30424 [sender.py:send():382] send: stats
2023-12-21 16:36:07,320 DEBUG   HandlerThread:30424 [handler.py:handle_request():146] handle_request: status_report
2023-12-21 16:36:12,355 DEBUG   HandlerThread:30424 [handler.py:handle_request():146] handle_request: status_report
2023-12-21 16:36:17,403 DEBUG   HandlerThread:30424 [handler.py:handle_request():146] handle_request: status_report
2023-12-21 16:36:17,512 DEBUG   HandlerThread:30424 [handler.py:handle_request():146] handle_request: internal_messages
2023-12-21 16:36:17,684 DEBUG   HandlerThread:30424 [handler.py:handle_request():146] handle_request: stop_status
2023-12-21 16:36:17,684 DEBUG   SenderThread:30424 [sender.py:send_request():409] send_request: stop_status
2023-12-21 16:36:22,964 DEBUG   HandlerThread:30424 [handler.py:handle_request():146] handle_request: status_report
2023-12-21 16:36:28,194 DEBUG   HandlerThread:30424 [handler.py:handle_request():146] handle_request: status_report
2023-12-21 16:36:30,739 DEBUG   HandlerThread:30424 [handler.py:handle_request():146] handle_request: partial_history
2023-12-21 16:36:30,739 DEBUG   SenderThread:30424 [sender.py:send():382] send: history
2023-12-21 16:36:30,740 DEBUG   SenderThread:30424 [sender.py:send_request():409] send_request: summary_record
2023-12-21 16:36:30,741 INFO    SenderThread:30424 [sender.py:_save_file():1392] saving file wandb-summary.json with policy end
2023-12-21 16:36:31,221 INFO    Thread-16 :30424 [dir_watcher.py:_on_file_modified():288] file/dir modified: c:\Users\Susana\Desktop\Universidad\Tercero\Primer\AA2\project\ConvolutionalNetwork\wandb\run-20231221_163029-0vop98av\files\output.log
2023-12-21 16:36:31,222 INFO    Thread-16 :30424 [dir_watcher.py:_on_file_modified():288] file/dir modified: c:\Users\Susana\Desktop\Universidad\Tercero\Primer\AA2\project\ConvolutionalNetwork\wandb\run-20231221_163029-0vop98av\files\wandb-summary.json
2023-12-21 16:36:32,521 DEBUG   HandlerThread:30424 [handler.py:handle_request():146] handle_request: internal_messages
2023-12-21 16:36:32,688 DEBUG   HandlerThread:30424 [handler.py:handle_request():146] handle_request: stop_status
2023-12-21 16:36:32,689 DEBUG   SenderThread:30424 [sender.py:send_request():409] send_request: stop_status
2023-12-21 16:36:33,054 DEBUG   SenderThread:30424 [sender.py:send():382] send: stats
2023-12-21 16:36:34,055 DEBUG   HandlerThread:30424 [handler.py:handle_request():146] handle_request: status_report
2023-12-21 16:36:39,076 DEBUG   HandlerThread:30424 [handler.py:handle_request():146] handle_request: status_report
2023-12-21 16:36:44,104 DEBUG   HandlerThread:30424 [handler.py:handle_request():146] handle_request: status_report
2023-12-21 16:36:47,523 DEBUG   HandlerThread:30424 [handler.py:handle_request():146] handle_request: internal_messages
2023-12-21 16:36:47,684 DEBUG   HandlerThread:30424 [handler.py:handle_request():146] handle_request: stop_status
2023-12-21 16:36:47,684 DEBUG   SenderThread:30424 [sender.py:send_request():409] send_request: stop_status
2023-12-21 16:36:49,351 DEBUG   HandlerThread:30424 [handler.py:handle_request():146] handle_request: status_report
2023-12-21 16:36:54,410 DEBUG   HandlerThread:30424 [handler.py:handle_request():146] handle_request: status_report
2023-12-21 16:36:59,454 DEBUG   HandlerThread:30424 [handler.py:handle_request():146] handle_request: status_report
2023-12-21 16:37:02,539 DEBUG   HandlerThread:30424 [handler.py:handle_request():146] handle_request: internal_messages
2023-12-21 16:37:02,681 DEBUG   HandlerThread:30424 [handler.py:handle_request():146] handle_request: stop_status
2023-12-21 16:37:02,681 DEBUG   SenderThread:30424 [sender.py:send_request():409] send_request: stop_status
2023-12-21 16:37:03,060 DEBUG   SenderThread:30424 [sender.py:send():382] send: stats
2023-12-21 16:37:05,063 DEBUG   HandlerThread:30424 [handler.py:handle_request():146] handle_request: status_report
2023-12-21 16:37:10,114 DEBUG   HandlerThread:30424 [handler.py:handle_request():146] handle_request: status_report
2023-12-21 16:37:15,155 DEBUG   HandlerThread:30424 [handler.py:handle_request():146] handle_request: status_report
2023-12-21 16:37:17,556 DEBUG   HandlerThread:30424 [handler.py:handle_request():146] handle_request: internal_messages
2023-12-21 16:37:17,678 DEBUG   HandlerThread:30424 [handler.py:handle_request():146] handle_request: stop_status
2023-12-21 16:37:17,678 DEBUG   SenderThread:30424 [sender.py:send_request():409] send_request: stop_status
2023-12-21 16:37:20,995 DEBUG   HandlerThread:30424 [handler.py:handle_request():146] handle_request: status_report
2023-12-21 16:37:26,022 DEBUG   HandlerThread:30424 [handler.py:handle_request():146] handle_request: status_report
2023-12-21 16:37:31,057 DEBUG   HandlerThread:30424 [handler.py:handle_request():146] handle_request: status_report
2023-12-21 16:37:32,572 DEBUG   HandlerThread:30424 [handler.py:handle_request():146] handle_request: internal_messages
2023-12-21 16:37:32,688 DEBUG   HandlerThread:30424 [handler.py:handle_request():146] handle_request: stop_status
2023-12-21 16:37:32,689 DEBUG   SenderThread:30424 [sender.py:send_request():409] send_request: stop_status
2023-12-21 16:37:33,548 DEBUG   SenderThread:30424 [sender.py:send():382] send: stats
2023-12-21 16:37:36,556 DEBUG   HandlerThread:30424 [handler.py:handle_request():146] handle_request: status_report
2023-12-21 16:37:41,605 DEBUG   HandlerThread:30424 [handler.py:handle_request():146] handle_request: status_report
2023-12-21 16:37:46,638 DEBUG   HandlerThread:30424 [handler.py:handle_request():146] handle_request: status_report
2023-12-21 16:37:47,573 DEBUG   HandlerThread:30424 [handler.py:handle_request():146] handle_request: internal_messages
2023-12-21 16:37:47,705 DEBUG   HandlerThread:30424 [handler.py:handle_request():146] handle_request: stop_status
2023-12-21 16:37:47,706 DEBUG   SenderThread:30424 [sender.py:send_request():409] send_request: stop_status
2023-12-21 16:37:51,956 DEBUG   HandlerThread:30424 [handler.py:handle_request():146] handle_request: status_report
2023-12-21 16:37:56,990 DEBUG   HandlerThread:30424 [handler.py:handle_request():146] handle_request: status_report
2023-12-21 16:38:02,022 DEBUG   HandlerThread:30424 [handler.py:handle_request():146] handle_request: status_report
2023-12-21 16:38:02,589 DEBUG   HandlerThread:30424 [handler.py:handle_request():146] handle_request: internal_messages
2023-12-21 16:38:02,694 DEBUG   HandlerThread:30424 [handler.py:handle_request():146] handle_request: stop_status
2023-12-21 16:38:02,695 DEBUG   SenderThread:30424 [sender.py:send_request():409] send_request: stop_status
2023-12-21 16:38:03,077 DEBUG   SenderThread:30424 [sender.py:send():382] send: stats
2023-12-21 16:38:07,096 DEBUG   HandlerThread:30424 [handler.py:handle_request():146] handle_request: status_report
2023-12-21 16:38:12,129 DEBUG   HandlerThread:30424 [handler.py:handle_request():146] handle_request: status_report
2023-12-21 16:38:17,172 DEBUG   HandlerThread:30424 [handler.py:handle_request():146] handle_request: status_report
2023-12-21 16:38:17,593 DEBUG   HandlerThread:30424 [handler.py:handle_request():146] handle_request: internal_messages
2023-12-21 16:38:17,706 DEBUG   HandlerThread:30424 [handler.py:handle_request():146] handle_request: stop_status
2023-12-21 16:38:17,706 DEBUG   SenderThread:30424 [sender.py:send_request():409] send_request: stop_status
2023-12-21 16:38:22,974 DEBUG   HandlerThread:30424 [handler.py:handle_request():146] handle_request: status_report
2023-12-21 16:38:28,008 DEBUG   HandlerThread:30424 [handler.py:handle_request():146] handle_request: status_report
2023-12-21 16:38:32,594 DEBUG   HandlerThread:30424 [handler.py:handle_request():146] handle_request: internal_messages
2023-12-21 16:38:32,707 DEBUG   HandlerThread:30424 [handler.py:handle_request():146] handle_request: stop_status
2023-12-21 16:38:32,708 DEBUG   SenderThread:30424 [sender.py:send_request():409] send_request: stop_status
2023-12-21 16:38:33,078 DEBUG   SenderThread:30424 [sender.py:send():382] send: stats
2023-12-21 16:38:33,078 DEBUG   HandlerThread:30424 [handler.py:handle_request():146] handle_request: status_report
2023-12-21 16:38:38,106 DEBUG   HandlerThread:30424 [handler.py:handle_request():146] handle_request: status_report
2023-12-21 16:38:43,123 DEBUG   HandlerThread:30424 [handler.py:handle_request():146] handle_request: status_report
2023-12-21 16:38:47,607 DEBUG   HandlerThread:30424 [handler.py:handle_request():146] handle_request: internal_messages
2023-12-21 16:38:47,722 DEBUG   HandlerThread:30424 [handler.py:handle_request():146] handle_request: stop_status
2023-12-21 16:38:47,723 DEBUG   SenderThread:30424 [sender.py:send_request():409] send_request: stop_status
2023-12-21 16:38:51,025 INFO    SenderThread:30424 [retry.py:__call__():172] Retry attempt failed:
Traceback (most recent call last):
  File "c:\Users\Susana\anaconda3\envs\aa2\lib\site-packages\urllib3\connection.py", line 203, in _new_conn
    sock = connection.create_connection(
  File "c:\Users\Susana\anaconda3\envs\aa2\lib\site-packages\urllib3\util\connection.py", line 60, in create_connection
    for res in socket.getaddrinfo(host, port, family, socket.SOCK_STREAM):
  File "c:\Users\Susana\anaconda3\envs\aa2\lib\socket.py", line 918, in getaddrinfo
    for res in _socket.getaddrinfo(host, port, family, type, proto, flags):
socket.gaierror: [Errno 11001] getaddrinfo failed

The above exception was the direct cause of the following exception:

Traceback (most recent call last):
  File "c:\Users\Susana\anaconda3\envs\aa2\lib\site-packages\urllib3\connectionpool.py", line 790, in urlopen
    response = self._make_request(
  File "c:\Users\Susana\anaconda3\envs\aa2\lib\site-packages\urllib3\connectionpool.py", line 491, in _make_request
    raise new_e
  File "c:\Users\Susana\anaconda3\envs\aa2\lib\site-packages\urllib3\connectionpool.py", line 467, in _make_request
    self._validate_conn(conn)
  File "c:\Users\Susana\anaconda3\envs\aa2\lib\site-packages\urllib3\connectionpool.py", line 1092, in _validate_conn
    conn.connect()
  File "c:\Users\Susana\anaconda3\envs\aa2\lib\site-packages\urllib3\connection.py", line 611, in connect
    self.sock = sock = self._new_conn()
  File "c:\Users\Susana\anaconda3\envs\aa2\lib\site-packages\urllib3\connection.py", line 210, in _new_conn
    raise NameResolutionError(self.host, self, e) from e
urllib3.exceptions.NameResolutionError: <urllib3.connection.HTTPSConnection object at 0x0000022A06829850>: Failed to resolve 'api.wandb.ai' ([Errno 11001] getaddrinfo failed)

The above exception was the direct cause of the following exception:

Traceback (most recent call last):
  File "c:\Users\Susana\anaconda3\envs\aa2\lib\site-packages\requests\adapters.py", line 486, in send
    resp = conn.urlopen(
  File "c:\Users\Susana\anaconda3\envs\aa2\lib\site-packages\urllib3\connectionpool.py", line 844, in urlopen
    retries = retries.increment(
  File "c:\Users\Susana\anaconda3\envs\aa2\lib\site-packages\urllib3\util\retry.py", line 515, in increment
    raise MaxRetryError(_pool, url, reason) from reason  # type: ignore[arg-type]
urllib3.exceptions.MaxRetryError: HTTPSConnectionPool(host='api.wandb.ai', port=443): Max retries exceeded with url: /graphql (Caused by NameResolutionError("<urllib3.connection.HTTPSConnection object at 0x0000022A06829850>: Failed to resolve 'api.wandb.ai' ([Errno 11001] getaddrinfo failed)"))

During handling of the above exception, another exception occurred:

Traceback (most recent call last):
  File "c:\Users\Susana\anaconda3\envs\aa2\lib\site-packages\wandb\sdk\lib\retry.py", line 131, in __call__
    result = self._call_fn(*args, **kwargs)
  File "c:\Users\Susana\anaconda3\envs\aa2\lib\site-packages\wandb\sdk\internal\internal_api.py", line 369, in execute
    return self.client.execute(*args, **kwargs)  # type: ignore
  File "c:\Users\Susana\anaconda3\envs\aa2\lib\site-packages\wandb\vendor\gql-0.2.0\wandb_gql\client.py", line 52, in execute
    result = self._get_result(document, *args, **kwargs)
  File "c:\Users\Susana\anaconda3\envs\aa2\lib\site-packages\wandb\vendor\gql-0.2.0\wandb_gql\client.py", line 60, in _get_result
    return self.transport.execute(document, *args, **kwargs)
  File "c:\Users\Susana\anaconda3\envs\aa2\lib\site-packages\wandb\sdk\lib\gql_request.py", line 58, in execute
    request = self.session.post(self.url, **post_args)
  File "c:\Users\Susana\anaconda3\envs\aa2\lib\site-packages\requests\sessions.py", line 637, in post
    return self.request("POST", url, data=data, json=json, **kwargs)
  File "c:\Users\Susana\anaconda3\envs\aa2\lib\site-packages\requests\sessions.py", line 589, in request
    resp = self.send(prep, **send_kwargs)
  File "c:\Users\Susana\anaconda3\envs\aa2\lib\site-packages\requests\sessions.py", line 703, in send
    r = adapter.send(request, **kwargs)
  File "c:\Users\Susana\anaconda3\envs\aa2\lib\site-packages\requests\adapters.py", line 519, in send
    raise ConnectionError(e, request=request)
requests.exceptions.ConnectionError: HTTPSConnectionPool(host='api.wandb.ai', port=443): Max retries exceeded with url: /graphql (Caused by NameResolutionError("<urllib3.connection.HTTPSConnection object at 0x0000022A06829850>: Failed to resolve 'api.wandb.ai' ([Errno 11001] getaddrinfo failed)"))
2023-12-21 16:38:52,756 DEBUG   HandlerThread:30424 [handler.py:handle_request():146] handle_request: keepalive
2023-12-21 16:38:57,807 DEBUG   HandlerThread:30424 [handler.py:handle_request():146] handle_request: keepalive
2023-12-21 16:39:02,620 DEBUG   HandlerThread:30424 [handler.py:handle_request():146] handle_request: internal_messages
2023-12-21 16:39:07,457 DEBUG   SenderThread:30424 [sender.py:send():382] send: stats
2023-12-21 16:39:07,457 DEBUG   HandlerThread:30424 [handler.py:handle_request():146] handle_request: status_report
2023-12-21 16:39:07,887 DEBUG   HandlerThread:30424 [handler.py:handle_request():146] handle_request: keepalive
2023-12-21 16:39:08,676 INFO    Thread-16 :30424 [dir_watcher.py:_on_file_modified():288] file/dir modified: c:\Users\Susana\Desktop\Universidad\Tercero\Primer\AA2\project\ConvolutionalNetwork\wandb\run-20231221_163029-0vop98av\files\output.log
2023-12-21 16:39:12,575 DEBUG   HandlerThread:30424 [handler.py:handle_request():146] handle_request: status_report
2023-12-21 16:39:12,939 DEBUG   HandlerThread:30424 [handler.py:handle_request():146] handle_request: keepalive
2023-12-21 16:39:17,598 DEBUG   HandlerThread:30424 [handler.py:handle_request():146] handle_request: status_report
2023-12-21 16:39:17,628 DEBUG   HandlerThread:30424 [handler.py:handle_request():146] handle_request: internal_messages
2023-12-21 16:39:22,747 DEBUG   HandlerThread:30424 [handler.py:handle_request():146] handle_request: status_report
2023-12-21 16:39:23,024 DEBUG   HandlerThread:30424 [handler.py:handle_request():146] handle_request: keepalive
2023-12-21 16:39:27,794 DEBUG   HandlerThread:30424 [handler.py:handle_request():146] handle_request: status_report
2023-12-21 16:39:28,056 DEBUG   HandlerThread:30424 [handler.py:handle_request():146] handle_request: keepalive
2023-12-21 16:39:32,631 DEBUG   HandlerThread:30424 [handler.py:handle_request():146] handle_request: internal_messages
2023-12-21 16:39:33,087 DEBUG   SenderThread:30424 [sender.py:send():382] send: stats
2023-12-21 16:39:33,088 DEBUG   HandlerThread:30424 [handler.py:handle_request():146] handle_request: status_report
2023-12-21 16:39:38,139 DEBUG   HandlerThread:30424 [handler.py:handle_request():146] handle_request: keepalive
2023-12-21 16:39:38,140 DEBUG   HandlerThread:30424 [handler.py:handle_request():146] handle_request: status_report
2023-12-21 16:39:39,548 DEBUG   HandlerThread:30424 [handler.py:handle_request():146] handle_request: partial_history
2023-12-21 16:39:39,550 DEBUG   SenderThread:30424 [sender.py:send():382] send: history
2023-12-21 16:39:39,550 DEBUG   SenderThread:30424 [sender.py:send_request():409] send_request: summary_record
2023-12-21 16:39:39,550 INFO    SenderThread:30424 [sender.py:_save_file():1392] saving file wandb-summary.json with policy end
2023-12-21 16:39:40,258 INFO    Thread-16 :30424 [dir_watcher.py:_on_file_modified():288] file/dir modified: c:\Users\Susana\Desktop\Universidad\Tercero\Primer\AA2\project\ConvolutionalNetwork\wandb\run-20231221_163029-0vop98av\files\output.log
2023-12-21 16:39:40,258 INFO    Thread-16 :30424 [dir_watcher.py:_on_file_modified():288] file/dir modified: c:\Users\Susana\Desktop\Universidad\Tercero\Primer\AA2\project\ConvolutionalNetwork\wandb\run-20231221_163029-0vop98av\files\wandb-summary.json
2023-12-21 16:39:43,176 DEBUG   HandlerThread:30424 [handler.py:handle_request():146] handle_request: keepalive
2023-12-21 16:39:43,569 DEBUG   HandlerThread:30424 [handler.py:handle_request():146] handle_request: status_report
2023-12-21 16:39:47,636 DEBUG   HandlerThread:30424 [handler.py:handle_request():146] handle_request: internal_messages
2023-12-21 16:39:48,741 DEBUG   HandlerThread:30424 [handler.py:handle_request():146] handle_request: status_report
2023-12-21 16:39:53,224 DEBUG   HandlerThread:30424 [handler.py:handle_request():146] handle_request: keepalive
2023-12-21 16:39:53,773 DEBUG   HandlerThread:30424 [handler.py:handle_request():146] handle_request: status_report
2023-12-21 16:39:58,275 DEBUG   HandlerThread:30424 [handler.py:handle_request():146] handle_request: keepalive
2023-12-21 16:39:58,811 DEBUG   HandlerThread:30424 [handler.py:handle_request():146] handle_request: status_report
2023-12-21 16:40:02,656 DEBUG   HandlerThread:30424 [handler.py:handle_request():146] handle_request: internal_messages
2023-12-21 16:40:03,099 DEBUG   SenderThread:30424 [sender.py:send():382] send: stats
2023-12-21 16:40:04,104 DEBUG   HandlerThread:30424 [handler.py:handle_request():146] handle_request: status_report
2023-12-21 16:40:08,323 DEBUG   HandlerThread:30424 [handler.py:handle_request():146] handle_request: keepalive
2023-12-21 16:40:09,131 DEBUG   HandlerThread:30424 [handler.py:handle_request():146] handle_request: status_report
2023-12-21 16:40:13,350 DEBUG   HandlerThread:30424 [handler.py:handle_request():146] handle_request: keepalive
2023-12-21 16:40:14,199 DEBUG   HandlerThread:30424 [handler.py:handle_request():146] handle_request: status_report
2023-12-21 16:40:17,667 DEBUG   HandlerThread:30424 [handler.py:handle_request():146] handle_request: internal_messages
2023-12-21 16:40:19,760 DEBUG   HandlerThread:30424 [handler.py:handle_request():146] handle_request: status_report
2023-12-21 16:40:23,439 DEBUG   HandlerThread:30424 [handler.py:handle_request():146] handle_request: keepalive
2023-12-21 16:40:24,805 DEBUG   HandlerThread:30424 [handler.py:handle_request():146] handle_request: status_report
2023-12-21 16:40:28,478 DEBUG   HandlerThread:30424 [handler.py:handle_request():146] handle_request: keepalive
2023-12-21 16:40:29,841 DEBUG   HandlerThread:30424 [handler.py:handle_request():146] handle_request: status_report
2023-12-21 16:40:32,673 DEBUG   HandlerThread:30424 [handler.py:handle_request():146] handle_request: internal_messages
2023-12-21 16:40:33,113 DEBUG   SenderThread:30424 [sender.py:send():382] send: stats
2023-12-21 16:40:35,123 DEBUG   HandlerThread:30424 [handler.py:handle_request():146] handle_request: status_report
2023-12-21 16:40:38,539 DEBUG   HandlerThread:30424 [handler.py:handle_request():146] handle_request: keepalive
2023-12-21 16:40:40,166 DEBUG   HandlerThread:30424 [handler.py:handle_request():146] handle_request: status_report
2023-12-21 16:40:43,576 DEBUG   HandlerThread:30424 [handler.py:handle_request():146] handle_request: keepalive
2023-12-21 16:40:45,194 DEBUG   HandlerThread:30424 [handler.py:handle_request():146] handle_request: status_report
2023-12-21 16:40:47,682 DEBUG   HandlerThread:30424 [handler.py:handle_request():146] handle_request: internal_messages
2023-12-21 16:40:50,772 DEBUG   HandlerThread:30424 [handler.py:handle_request():146] handle_request: status_report
2023-12-21 16:40:53,651 DEBUG   HandlerThread:30424 [handler.py:handle_request():146] handle_request: keepalive
2023-12-21 16:40:55,813 DEBUG   HandlerThread:30424 [handler.py:handle_request():146] handle_request: status_report
2023-12-21 16:40:58,715 DEBUG   HandlerThread:30424 [handler.py:handle_request():146] handle_request: keepalive
2023-12-21 16:41:00,856 DEBUG   HandlerThread:30424 [handler.py:handle_request():146] handle_request: status_report
2023-12-21 16:41:02,697 DEBUG   HandlerThread:30424 [handler.py:handle_request():146] handle_request: internal_messages
2023-12-21 16:41:03,123 DEBUG   SenderThread:30424 [sender.py:send():382] send: stats
2023-12-21 16:41:06,130 DEBUG   HandlerThread:30424 [handler.py:handle_request():146] handle_request: status_report
2023-12-21 16:41:07,770 DEBUG   HandlerThread:30424 [handler.py:handle_request():146] handle_request: keepalive
2023-12-21 16:41:11,155 DEBUG   HandlerThread:30424 [handler.py:handle_request():146] handle_request: status_report
2023-12-21 16:41:12,791 DEBUG   HandlerThread:30424 [handler.py:handle_request():146] handle_request: keepalive
2023-12-21 16:41:16,202 DEBUG   HandlerThread:30424 [handler.py:handle_request():146] handle_request: status_report
2023-12-21 16:41:17,725 DEBUG   HandlerThread:30424 [handler.py:handle_request():146] handle_request: internal_messages
2023-12-21 16:41:21,798 DEBUG   HandlerThread:30424 [handler.py:handle_request():146] handle_request: status_report
2023-12-21 16:41:22,851 DEBUG   HandlerThread:30424 [handler.py:handle_request():146] handle_request: keepalive
2023-12-21 16:41:26,830 DEBUG   HandlerThread:30424 [handler.py:handle_request():146] handle_request: status_report
2023-12-21 16:41:27,890 DEBUG   HandlerThread:30424 [handler.py:handle_request():146] handle_request: keepalive
2023-12-21 16:41:31,889 DEBUG   HandlerThread:30424 [handler.py:handle_request():146] handle_request: status_report
2023-12-21 16:41:32,740 DEBUG   HandlerThread:30424 [handler.py:handle_request():146] handle_request: internal_messages
2023-12-21 16:41:33,137 DEBUG   SenderThread:30424 [sender.py:send():382] send: stats
2023-12-21 16:41:37,146 DEBUG   HandlerThread:30424 [handler.py:handle_request():146] handle_request: status_report
2023-12-21 16:41:37,979 DEBUG   HandlerThread:30424 [handler.py:handle_request():146] handle_request: keepalive
2023-12-21 16:41:42,174 DEBUG   HandlerThread:30424 [handler.py:handle_request():146] handle_request: status_report
2023-12-21 16:41:43,023 DEBUG   HandlerThread:30424 [handler.py:handle_request():146] handle_request: keepalive
2023-12-21 16:41:47,204 DEBUG   HandlerThread:30424 [handler.py:handle_request():146] handle_request: status_report
2023-12-21 16:41:47,757 DEBUG   HandlerThread:30424 [handler.py:handle_request():146] handle_request: internal_messages
2023-12-21 16:41:52,827 DEBUG   HandlerThread:30424 [handler.py:handle_request():146] handle_request: status_report
2023-12-21 16:41:53,083 DEBUG   HandlerThread:30424 [handler.py:handle_request():146] handle_request: keepalive
2023-12-21 16:41:57,854 DEBUG   HandlerThread:30424 [handler.py:handle_request():146] handle_request: status_report
2023-12-21 16:41:58,455 DEBUG   HandlerThread:30424 [handler.py:handle_request():146] handle_request: keepalive
2023-12-21 16:42:02,762 DEBUG   HandlerThread:30424 [handler.py:handle_request():146] handle_request: internal_messages
2023-12-21 16:42:03,140 DEBUG   SenderThread:30424 [sender.py:send():382] send: stats
2023-12-21 16:42:03,143 DEBUG   HandlerThread:30424 [handler.py:handle_request():146] handle_request: status_report
2023-12-21 16:42:08,194 DEBUG   HandlerThread:30424 [handler.py:handle_request():146] handle_request: status_report
2023-12-21 16:42:08,357 DEBUG   HandlerThread:30424 [handler.py:handle_request():146] handle_request: keepalive
2023-12-21 16:42:13,218 DEBUG   HandlerThread:30424 [handler.py:handle_request():146] handle_request: status_report
2023-12-21 16:42:13,405 DEBUG   HandlerThread:30424 [handler.py:handle_request():146] handle_request: keepalive
2023-12-21 16:42:17,779 DEBUG   HandlerThread:30424 [handler.py:handle_request():146] handle_request: internal_messages
2023-12-21 16:42:18,819 DEBUG   HandlerThread:30424 [handler.py:handle_request():146] handle_request: status_report
2023-12-21 16:42:23,476 DEBUG   HandlerThread:30424 [handler.py:handle_request():146] handle_request: keepalive
2023-12-21 16:42:23,857 DEBUG   HandlerThread:30424 [handler.py:handle_request():146] handle_request: status_report
2023-12-21 16:42:28,507 DEBUG   HandlerThread:30424 [handler.py:handle_request():146] handle_request: keepalive
2023-12-21 16:42:28,898 DEBUG   HandlerThread:30424 [handler.py:handle_request():146] handle_request: status_report
2023-12-21 16:42:32,782 DEBUG   HandlerThread:30424 [handler.py:handle_request():146] handle_request: internal_messages
2023-12-21 16:42:33,157 DEBUG   SenderThread:30424 [sender.py:send():382] send: stats
2023-12-21 16:42:34,167 DEBUG   HandlerThread:30424 [handler.py:handle_request():146] handle_request: status_report
2023-12-21 16:42:38,583 DEBUG   HandlerThread:30424 [handler.py:handle_request():146] handle_request: keepalive
2023-12-21 16:42:39,224 DEBUG   HandlerThread:30424 [handler.py:handle_request():146] handle_request: status_report
2023-12-21 16:42:43,613 DEBUG   HandlerThread:30424 [handler.py:handle_request():146] handle_request: keepalive
2023-12-21 16:42:44,257 DEBUG   HandlerThread:30424 [handler.py:handle_request():146] handle_request: status_report
2023-12-21 16:42:47,787 DEBUG   HandlerThread:30424 [handler.py:handle_request():146] handle_request: internal_messages
2023-12-21 16:42:49,850 DEBUG   HandlerThread:30424 [handler.py:handle_request():146] handle_request: status_report
2023-12-21 16:42:50,465 DEBUG   HandlerThread:30424 [handler.py:handle_request():146] handle_request: partial_history
2023-12-21 16:42:50,467 DEBUG   SenderThread:30424 [sender.py:send():382] send: history
2023-12-21 16:42:50,468 DEBUG   SenderThread:30424 [sender.py:send_request():409] send_request: summary_record
2023-12-21 16:42:50,470 INFO    SenderThread:30424 [sender.py:_save_file():1392] saving file wandb-summary.json with policy end
2023-12-21 16:42:51,399 INFO    Thread-16 :30424 [dir_watcher.py:_on_file_modified():288] file/dir modified: c:\Users\Susana\Desktop\Universidad\Tercero\Primer\AA2\project\ConvolutionalNetwork\wandb\run-20231221_163029-0vop98av\files\wandb-summary.json
2023-12-21 16:42:53,427 INFO    Thread-16 :30424 [dir_watcher.py:_on_file_modified():288] file/dir modified: c:\Users\Susana\Desktop\Universidad\Tercero\Primer\AA2\project\ConvolutionalNetwork\wandb\run-20231221_163029-0vop98av\files\output.log
2023-12-21 16:42:53,658 DEBUG   HandlerThread:30424 [handler.py:handle_request():146] handle_request: keepalive
2023-12-21 16:42:55,504 DEBUG   HandlerThread:30424 [handler.py:handle_request():146] handle_request: status_report
2023-12-21 16:42:58,690 DEBUG   HandlerThread:30424 [handler.py:handle_request():146] handle_request: keepalive
2023-12-21 16:43:00,540 DEBUG   HandlerThread:30424 [handler.py:handle_request():146] handle_request: status_report
2023-12-21 16:43:02,803 DEBUG   HandlerThread:30424 [handler.py:handle_request():146] handle_request: internal_messages
2023-12-21 16:43:03,165 DEBUG   SenderThread:30424 [sender.py:send():382] send: stats
2023-12-21 16:43:06,177 DEBUG   HandlerThread:30424 [handler.py:handle_request():146] handle_request: status_report
2023-12-21 16:43:08,748 DEBUG   HandlerThread:30424 [handler.py:handle_request():146] handle_request: keepalive
2023-12-21 16:43:11,224 DEBUG   HandlerThread:30424 [handler.py:handle_request():146] handle_request: status_report
2023-12-21 16:43:13,803 DEBUG   HandlerThread:30424 [handler.py:handle_request():146] handle_request: keepalive
2023-12-21 16:43:16,272 DEBUG   HandlerThread:30424 [handler.py:handle_request():146] handle_request: status_report
2023-12-21 16:43:17,810 DEBUG   HandlerThread:30424 [handler.py:handle_request():146] handle_request: internal_messages
2023-12-21 16:43:21,889 DEBUG   HandlerThread:30424 [handler.py:handle_request():146] handle_request: status_report
2023-12-21 16:43:22,856 DEBUG   HandlerThread:30424 [handler.py:handle_request():146] handle_request: keepalive
2023-12-21 16:43:26,922 DEBUG   HandlerThread:30424 [handler.py:handle_request():146] handle_request: status_report
2023-12-21 16:43:27,908 DEBUG   HandlerThread:30424 [handler.py:handle_request():146] handle_request: keepalive
2023-12-21 16:43:31,939 DEBUG   HandlerThread:30424 [handler.py:handle_request():146] handle_request: status_report
2023-12-21 16:43:32,822 DEBUG   HandlerThread:30424 [handler.py:handle_request():146] handle_request: internal_messages
2023-12-21 16:43:33,171 DEBUG   SenderThread:30424 [sender.py:send():382] send: stats
2023-12-21 16:43:37,192 DEBUG   HandlerThread:30424 [handler.py:handle_request():146] handle_request: status_report
2023-12-21 16:43:37,957 DEBUG   HandlerThread:30424 [handler.py:handle_request():146] handle_request: keepalive
2023-12-21 16:43:42,229 DEBUG   HandlerThread:30424 [handler.py:handle_request():146] handle_request: status_report
2023-12-21 16:43:43,007 DEBUG   HandlerThread:30424 [handler.py:handle_request():146] handle_request: keepalive
